[debug] [2023-07-04T17:30:13.650Z] ----------------------------------------------------------------------
[debug] [2023-07-04T17:30:13.652Z] Command:       D:\Programmes\nodejs\node.exe C:\Users\Thomas\AppData\Roaming\npm\node_modules\firebase-tools\lib\bin\firebase.js init
[debug] [2023-07-04T17:30:13.653Z] CLI Version:   12.4.2
[debug] [2023-07-04T17:30:13.653Z] Platform:      win32
[debug] [2023-07-04T17:30:13.653Z] Node Version:  v16.17.1
[debug] [2023-07-04T17:30:13.654Z] Time:          Tue Jul 04 2023 19:30:13 GMT+0200 (heure d’été d’Europe centrale)
[debug] [2023-07-04T17:30:13.655Z] ----------------------------------------------------------------------
[debug] 
[debug] [2023-07-04T17:30:13.658Z] >>> [apiv2][query] GET https://firebase-public.firebaseio.com/cli.json [none]
[debug] [2023-07-04T17:30:13.746Z] > command requires scopes: ["email","openid","https://www.googleapis.com/auth/cloudplatformprojects.readonly","https://www.googleapis.com/auth/firebase","https://www.googleapis.com/auth/cloud-platform"]
[debug] [2023-07-04T17:30:13.746Z] > authorizing via signed-in user (sansberrot@gmail.com)
[info] 
     ######## #### ########  ######## ########     ###     ######  ########
     ##        ##  ##     ## ##       ##     ##  ##   ##  ##       ##
     ######    ##  ########  ######   ########  #########  ######  ######
     ##        ##  ##    ##  ##       ##     ## ##     ##       ## ##
     ##       #### ##     ## ######## ########  ##     ##  ######  ########

You're about to initialize a Firebase project in this directory:

  D:\ApprendreAppWeb\Angular\ng-pokemon-app

Before we get started, keep in mind:

  * You are initializing within an existing Firebase project directory

[debug] [2023-07-04T17:30:14.012Z] <<< [apiv2][status] GET https://firebase-public.firebaseio.com/cli.json 200
[debug] [2023-07-04T17:30:14.012Z] <<< [apiv2][body] GET https://firebase-public.firebaseio.com/cli.json {"cloudBuildErrorAfter":1594252800000,"cloudBuildWarnAfter":1590019200000,"defaultNode10After":1594252800000,"minVersion":"3.0.5","node8DeploysDisabledAfter":1613390400000,"node8RuntimeDisabledAfter":1615809600000,"node8WarnAfter":1600128000000}
[info] 
=== Project Setup
[info] 
[info] First, let's associate this project directory with a Firebase project.
[info] You can create multiple project aliases by running firebase use --add, 
[info] but for now we'll just set up a default project.
[info] 
[debug] [2023-07-04T17:30:20.570Z] > refreshing access token with scopes: []
[debug] [2023-07-04T17:30:20.571Z] >>> [apiv2][query] POST https://www.googleapis.com/oauth2/v3/token [none]
[debug] [2023-07-04T17:30:20.571Z] >>> [apiv2][body] POST https://www.googleapis.com/oauth2/v3/token [omitted]
[debug] [2023-07-04T17:30:20.616Z] <<< [apiv2][status] POST https://www.googleapis.com/oauth2/v3/token 200
[debug] [2023-07-04T17:30:20.616Z] <<< [apiv2][body] POST https://www.googleapis.com/oauth2/v3/token [omitted]
[debug] [2023-07-04T17:30:20.627Z] >>> [apiv2][query] GET https://firebase.googleapis.com/v1beta1/projects pageSize=100
[debug] [2023-07-04T17:30:21.026Z] <<< [apiv2][status] GET https://firebase.googleapis.com/v1beta1/projects 200
[debug] [2023-07-04T17:30:21.026Z] <<< [apiv2][body] GET https://firebase.googleapis.com/v1beta1/projects [omitted]
[info] i  Using project ng-pokemon-app-cd467 (ng-pokemon-app) 
[info] 
=== Hosting Setup
[info] 
[info] Your public directory is the folder (relative to your project directory) that
[info] will contain Hosting assets to be uploaded with firebase deploy. If you
[info] have a build process for your assets, use your build's output directory.
[info] 
